2023-02-15 13:21:10 INFO Note: NumExpr detected 16 cores but "NUMEXPR_MAX_THREADS" not set, so enforcing safe limit of 8.
2023-02-15 13:21:10 INFO NumExpr defaulting to 8 threads.
2023-02-15 13:21:12 INFO loaded kvaser's CAN library
2023-02-15 13:21:12 INFO CAN Filters: None
2023-02-15 13:21:12 INFO Got configuration of: {'bitrate': 500000}
2023-02-15 13:21:12 INFO Found 3 available channels
2023-02-15 13:21:12 INFO 0: Kvaser Leaf Light v2, S/N 100291 (#1)
2023-02-15 13:21:12 INFO 1: Kvaser Virtual CAN Driver, S/N 0 (#1)
2023-02-15 13:21:12 INFO 2: Kvaser Virtual CAN Driver, S/N 0 (#2)
2023-02-15 13:21:12 INFO Hardware filtering has been disabled
2023-02-15 13:21:12 INFO ZeusModule 1: initializing...
2023-02-15 13:25:38 INFO Note: NumExpr detected 16 cores but "NUMEXPR_MAX_THREADS" not set, so enforcing safe limit of 8.
2023-02-15 13:25:38 INFO NumExpr defaulting to 8 threads.
2023-02-15 13:43:04 INFO Note: NumExpr detected 16 cores but "NUMEXPR_MAX_THREADS" not set, so enforcing safe limit of 8.
2023-02-15 13:43:04 INFO NumExpr defaulting to 8 threads.
2023-02-15 13:43:05 INFO loaded kvaser's CAN library
2023-02-15 13:43:05 INFO CAN Filters: None
2023-02-15 13:43:05 INFO Got configuration of: {'bitrate': 500000}
2023-02-15 13:43:05 INFO Found 3 available channels
2023-02-15 13:43:05 INFO 0: Kvaser Leaf Light v2, S/N 100291 (#1)
2023-02-15 13:43:05 INFO 1: Kvaser Virtual CAN Driver, S/N 0 (#1)
2023-02-15 13:43:05 INFO 2: Kvaser Virtual CAN Driver, S/N 0 (#2)
2023-02-15 13:43:05 INFO Hardware filtering has been disabled
2023-02-15 13:43:05 INFO ZeusModule 1: initializing...
2023-02-15 14:05:29 INFO Performed one event::: event_id:0 substance:Isocyano transfer_volume:30
2023-02-15 14:05:30 INFO Performed one event::: event_id:1 substance:Isocyano transfer_volume:30
2023-02-15 14:05:31 INFO Performed one event::: event_id:54 substance:amine transfer_volume:10
2023-02-15 14:05:32 INFO Performed one event::: event_id:55 substance:amine transfer_volume:10
2023-02-15 14:05:33 INFO Performed one event::: event_id:108 substance:aldehyde transfer_volume:20
2023-02-15 14:05:34 INFO Performed one event::: event_id:109 substance:aldehyde transfer_volume:20
2023-02-15 14:05:35 INFO Performed one event::: event_id:162 substance:pTSA transfer_volume:10
2023-02-15 14:05:36 INFO Performed one event::: event_id:163 substance:pTSA transfer_volume:20
2023-02-15 14:05:37 INFO Performed one event::: event_id:216 substance:DMF transfer_volume:430
2023-02-15 14:05:38 INFO Performed one event::: event_id:217 substance:DMF transfer_volume:420
2023-02-15 14:05:59 INFO Performed one event::: event_id:0 substance:Isocyano transfer_volume:30
2023-02-15 14:06:11 INFO Performed one event::: event_id:1 substance:Isocyano transfer_volume:30
2023-02-15 14:06:22 INFO Performed one event::: event_id:54 substance:amine transfer_volume:10
2023-02-15 14:06:33 INFO Performed one event::: event_id:55 substance:amine transfer_volume:10
2023-02-15 14:06:44 INFO Performed one event::: event_id:108 substance:aldehyde transfer_volume:20
2023-02-15 14:06:56 INFO Performed one event::: event_id:109 substance:aldehyde transfer_volume:20
2023-02-15 14:07:06 INFO Performed one event::: event_id:162 substance:pTSA transfer_volume:10
2023-02-15 14:07:17 INFO Performed one event::: event_id:163 substance:pTSA transfer_volume:20
2023-02-15 14:12:24 INFO Performed one event::: event_id:162 substance:pTSA transfer_volume:10
2023-02-15 14:12:35 INFO Performed one event::: event_id:163 substance:pTSA transfer_volume:20
2023-02-15 14:24:23 INFO Note: NumExpr detected 16 cores but "NUMEXPR_MAX_THREADS" not set, so enforcing safe limit of 8.
2023-02-15 14:24:23 INFO NumExpr defaulting to 8 threads.
2023-02-15 14:24:24 INFO loaded kvaser's CAN library
2023-02-15 14:24:24 INFO CAN Filters: None
2023-02-15 14:24:24 INFO Got configuration of: {'bitrate': 500000}
2023-02-15 14:24:24 INFO Found 3 available channels
2023-02-15 14:24:24 INFO 0: Kvaser Leaf Light v2, S/N 100291 (#1)
2023-02-15 14:24:24 INFO 1: Kvaser Virtual CAN Driver, S/N 0 (#1)
2023-02-15 14:24:24 INFO 2: Kvaser Virtual CAN Driver, S/N 0 (#2)
2023-02-15 14:24:24 INFO Hardware filtering has been disabled
2023-02-15 14:24:24 INFO ZeusModule 1: initializing...
2023-02-15 14:24:43 INFO Note: NumExpr detected 16 cores but "NUMEXPR_MAX_THREADS" not set, so enforcing safe limit of 8.
2023-02-15 14:24:43 INFO NumExpr defaulting to 8 threads.
2023-02-15 14:24:44 INFO loaded kvaser's CAN library
2023-02-15 14:24:44 INFO CAN Filters: None
2023-02-15 14:24:44 INFO Got configuration of: {'bitrate': 500000}
2023-02-15 14:24:44 INFO Found 3 available channels
2023-02-15 14:24:44 INFO 0: Kvaser Leaf Light v2, S/N 100291 (#1)
2023-02-15 14:24:44 INFO 1: Kvaser Virtual CAN Driver, S/N 0 (#1)
2023-02-15 14:24:44 INFO 2: Kvaser Virtual CAN Driver, S/N 0 (#2)
2023-02-15 14:24:44 INFO Hardware filtering has been disabled
2023-02-15 14:24:44 INFO ZeusModule 1: initializing...
2023-02-15 14:25:37 INFO Performed one event::: event_id:163 substance:pTSA transfer_volume:20
2023-02-15 14:26:00 INFO Performed one event::: event_id:216 substance:DMF transfer_volume:430
2023-02-15 14:26:23 INFO Performed one event::: event_id:217 substance:DMF transfer_volume:420
2023-02-15 14:43:44 INFO Note: NumExpr detected 16 cores but "NUMEXPR_MAX_THREADS" not set, so enforcing safe limit of 8.
2023-02-15 14:43:44 INFO NumExpr defaulting to 8 threads.
2023-02-15 14:43:44 INFO loaded kvaser's CAN library
2023-02-15 14:43:44 INFO CAN Filters: None
2023-02-15 14:43:44 INFO Got configuration of: {'bitrate': 500000}
2023-02-15 14:43:44 INFO Found 3 available channels
2023-02-15 14:43:44 INFO 0: Kvaser Leaf Light v2, S/N 100291 (#1)
2023-02-15 14:43:44 INFO 1: Kvaser Virtual CAN Driver, S/N 0 (#1)
2023-02-15 14:43:44 INFO 2: Kvaser Virtual CAN Driver, S/N 0 (#2)
2023-02-15 14:43:45 INFO Hardware filtering has been disabled
2023-02-15 14:43:45 INFO ZeusModule 1: initializing...
2023-02-15 14:43:53 INFO Note: NumExpr detected 16 cores but "NUMEXPR_MAX_THREADS" not set, so enforcing safe limit of 8.
2023-02-15 14:43:53 INFO NumExpr defaulting to 8 threads.
2023-02-15 14:43:53 INFO loaded kvaser's CAN library
2023-02-15 14:43:53 INFO CAN Filters: None
2023-02-15 14:43:53 INFO Got configuration of: {'bitrate': 500000}
2023-02-15 14:43:53 INFO Found 3 available channels
2023-02-15 14:43:53 INFO 0: Kvaser Leaf Light v2, S/N 100291 (#1)
2023-02-15 14:43:53 INFO 1: Kvaser Virtual CAN Driver, S/N 0 (#1)
2023-02-15 14:43:53 INFO 2: Kvaser Virtual CAN Driver, S/N 0 (#2)
2023-02-15 14:43:53 INFO Hardware filtering has been disabled
2023-02-15 14:43:53 INFO ZeusModule 1: initializing...
2023-02-15 14:45:27 INFO Performed one event::: event_id:162 substance:pTSA transfer_volume:10
2023-02-15 14:45:37 INFO Performed one event::: event_id:163 substance:pTSA transfer_volume:20
2023-02-15 14:46:00 INFO Performed one event::: event_id:216 substance:DMF transfer_volume:430
2023-02-15 14:46:23 INFO Performed one event::: event_id:217 substance:DMF transfer_volume:420
2023-02-15 14:48:00 INFO Performed one event::: event_id:0 substance:Isocyano transfer_volume:30
2023-02-15 14:48:12 INFO Performed one event::: event_id:1 substance:Isocyano transfer_volume:30
2023-02-15 14:48:23 INFO Performed one event::: event_id:54 substance:amine transfer_volume:10
2023-02-15 14:48:34 INFO Performed one event::: event_id:55 substance:amine transfer_volume:10
2023-02-15 14:48:45 INFO Performed one event::: event_id:108 substance:aldehyde transfer_volume:20
2023-02-15 14:48:56 INFO Performed one event::: event_id:109 substance:aldehyde transfer_volume:20
2023-02-15 14:49:07 INFO Performed one event::: event_id:162 substance:pTSA transfer_volume:10
2023-02-15 14:49:18 INFO Performed one event::: event_id:163 substance:pTSA transfer_volume:20
2023-02-15 14:49:41 INFO Performed one event::: event_id:216 substance:DMF transfer_volume:430
2023-02-15 14:50:04 INFO Performed one event::: event_id:217 substance:DMF transfer_volume:420
2023-02-15 14:50:40 INFO Performed one event::: event_id:162 substance:pTSA transfer_volume:10
2023-02-15 14:50:51 INFO Performed one event::: event_id:163 substance:pTSA transfer_volume:20
2023-02-15 14:53:07 INFO Note: NumExpr detected 16 cores but "NUMEXPR_MAX_THREADS" not set, so enforcing safe limit of 8.
2023-02-15 14:53:07 INFO NumExpr defaulting to 8 threads.
2023-02-15 14:53:08 INFO loaded kvaser's CAN library
2023-02-15 14:53:08 INFO CAN Filters: None
2023-02-15 14:53:08 INFO Got configuration of: {'bitrate': 500000}
2023-02-15 14:53:08 INFO Found 3 available channels
2023-02-15 14:53:08 INFO 0: Kvaser Leaf Light v2, S/N 100291 (#1)
2023-02-15 14:53:08 INFO 1: Kvaser Virtual CAN Driver, S/N 0 (#1)
2023-02-15 14:53:08 INFO 2: Kvaser Virtual CAN Driver, S/N 0 (#2)
2023-02-15 14:53:08 INFO Hardware filtering has been disabled
2023-02-15 14:53:08 INFO ZeusModule 1: initializing...
2023-02-15 17:34:29 INFO Note: NumExpr detected 16 cores but "NUMEXPR_MAX_THREADS" not set, so enforcing safe limit of 8.
2023-02-15 17:34:29 INFO NumExpr defaulting to 8 threads.
2023-02-15 17:36:34 INFO Note: NumExpr detected 16 cores but "NUMEXPR_MAX_THREADS" not set, so enforcing safe limit of 8.
2023-02-15 17:36:34 INFO NumExpr defaulting to 8 threads.
2023-02-15 17:37:08 INFO Note: NumExpr detected 16 cores but "NUMEXPR_MAX_THREADS" not set, so enforcing safe limit of 8.
2023-02-15 17:37:08 INFO NumExpr defaulting to 8 threads.
2023-02-15 17:38:01 INFO Note: NumExpr detected 16 cores but "NUMEXPR_MAX_THREADS" not set, so enforcing safe limit of 8.
2023-02-15 17:38:01 INFO NumExpr defaulting to 8 threads.
2023-02-15 17:40:05 INFO Note: NumExpr detected 16 cores but "NUMEXPR_MAX_THREADS" not set, so enforcing safe limit of 8.
2023-02-15 17:40:05 INFO NumExpr defaulting to 8 threads.
2023-02-15 17:41:16 INFO Note: NumExpr detected 16 cores but "NUMEXPR_MAX_THREADS" not set, so enforcing safe limit of 8.
2023-02-15 17:41:16 INFO NumExpr defaulting to 8 threads.
2023-02-15 17:41:17 INFO loaded kvaser's CAN library
2023-02-15 17:41:17 INFO CAN Filters: None
2023-02-15 17:41:17 INFO Got configuration of: {'bitrate': 500000}
2023-02-15 17:41:17 INFO Found 3 available channels
2023-02-15 17:41:17 INFO 0: Kvaser Leaf Light v2, S/N 100291 (#1)
2023-02-15 17:41:17 INFO 1: Kvaser Virtual CAN Driver, S/N 0 (#1)
2023-02-15 17:41:17 INFO 2: Kvaser Virtual CAN Driver, S/N 0 (#2)
2023-02-15 17:41:17 INFO Hardware filtering has been disabled
2023-02-15 17:41:17 INFO ZeusModule 1: initializing...
2023-02-15 17:42:13 INFO Performed one event::: event_id:0 substance:Isocyano transfer_volume:30
2023-02-15 17:42:24 INFO Performed one event::: event_id:1 substance:Isocyano transfer_volume:30
2023-02-15 17:42:34 INFO Tip is changed and its type is 300ul
2023-02-15 17:42:46 INFO Performed one event::: event_id:2 substance:amine transfer_volume:10
2023-02-15 17:42:57 INFO Performed one event::: event_id:3 substance:amine transfer_volume:10
2023-02-15 17:43:07 INFO Tip is changed and its type is 300ul
2023-02-15 17:43:18 INFO Performed one event::: event_id:4 substance:aldehyde transfer_volume:20
2023-02-15 17:43:29 INFO Performed one event::: event_id:5 substance:aldehyde transfer_volume:20
2023-02-15 17:43:39 INFO Tip is changed and its type is 300ul
2023-02-15 17:43:50 INFO Performed one event::: event_id:6 substance:pTSA transfer_volume:10
2023-02-15 17:44:01 INFO Performed one event::: event_id:7 substance:pTSA transfer_volume:20
2023-02-15 17:44:11 INFO Tip is changed and its type is 300ul
2023-02-15 17:44:34 INFO Performed one event::: event_id:8 substance:DMF transfer_volume:430
2023-02-15 17:44:57 INFO Performed one event::: event_id:9 substance:DMF transfer_volume:420
2023-02-15 17:48:01 INFO Performed one event::: event_id:0 substance:Isocyano transfer_volume:30
2023-02-15 17:48:13 INFO Performed one event::: event_id:1 substance:Isocyano transfer_volume:30
2023-02-15 17:48:22 INFO Tip is changed and its type is 300ul
2023-02-15 17:48:34 INFO Performed one event::: event_id:2 substance:amine transfer_volume:10
2023-02-15 17:48:45 INFO Performed one event::: event_id:3 substance:amine transfer_volume:10
2023-02-15 17:48:55 INFO Tip is changed and its type is 300ul
2023-02-15 17:49:06 INFO Performed one event::: event_id:4 substance:aldehyde transfer_volume:20
2023-02-15 17:49:17 INFO Performed one event::: event_id:5 substance:aldehyde transfer_volume:20
2023-02-15 17:49:27 INFO Tip is changed and its type is 300ul
2023-02-15 17:49:38 INFO Performed one event::: event_id:6 substance:pTSA transfer_volume:10
2023-02-15 17:49:49 INFO Performed one event::: event_id:7 substance:pTSA transfer_volume:20
2023-02-15 17:49:59 INFO Tip is changed and its type is 300ul
2023-02-15 17:50:22 INFO Performed one event::: event_id:8 substance:DMF transfer_volume:430
2023-02-15 17:50:46 INFO Performed one event::: event_id:9 substance:DMF transfer_volume:420
2023-02-15 21:40:35 INFO Performed one event::: event_id:8 substance:DMF transfer_volume:430
2023-02-15 21:40:59 INFO Performed one event::: event_id:9 substance:DMF transfer_volume:420
2023-02-15 21:42:16 INFO Performed one event::: event_id:9 substance:DMF transfer_volume:420
2023-02-15 21:42:55 INFO Note: NumExpr detected 16 cores but "NUMEXPR_MAX_THREADS" not set, so enforcing safe limit of 8.
2023-02-15 21:42:55 INFO NumExpr defaulting to 8 threads.
2023-02-15 21:42:56 INFO loaded kvaser's CAN library
2023-02-15 21:42:56 INFO CAN Filters: None
2023-02-15 21:42:56 INFO Got configuration of: {'bitrate': 500000}
2023-02-15 21:42:56 INFO Found 3 available channels
2023-02-15 21:42:56 INFO 0: Kvaser Leaf Light v2, S/N 100291 (#1)
2023-02-15 21:42:56 INFO 1: Kvaser Virtual CAN Driver, S/N 0 (#1)
2023-02-15 21:42:56 INFO 2: Kvaser Virtual CAN Driver, S/N 0 (#2)
2023-02-15 21:42:56 INFO Hardware filtering has been disabled
2023-02-15 21:42:56 INFO ZeusModule 1: initializing...
2023-02-15 22:04:16 INFO A tip 300ul is to be taken.
2023-02-15 22:05:33 INFO Note: NumExpr detected 16 cores but "NUMEXPR_MAX_THREADS" not set, so enforcing safe limit of 8.
2023-02-15 22:05:33 INFO NumExpr defaulting to 8 threads.
2023-02-15 22:05:34 INFO loaded kvaser's CAN library
2023-02-15 22:05:34 INFO CAN Filters: None
2023-02-15 22:05:34 INFO Got configuration of: {'bitrate': 500000}
2023-02-15 22:05:34 INFO Found 3 available channels
2023-02-15 22:05:34 INFO 0: Kvaser Leaf Light v2, S/N 100291 (#1)
2023-02-15 22:05:34 INFO 1: Kvaser Virtual CAN Driver, S/N 0 (#1)
2023-02-15 22:05:34 INFO 2: Kvaser Virtual CAN Driver, S/N 0 (#2)
2023-02-15 22:05:34 INFO Hardware filtering has been disabled
2023-02-15 22:05:34 INFO ZeusModule 1: initializing...
2023-02-15 22:07:40 INFO Note: NumExpr detected 16 cores but "NUMEXPR_MAX_THREADS" not set, so enforcing safe limit of 8.
2023-02-15 22:07:40 INFO NumExpr defaulting to 8 threads.
2023-02-15 22:07:41 INFO loaded kvaser's CAN library
2023-02-15 22:07:41 INFO CAN Filters: None
2023-02-15 22:07:41 INFO Got configuration of: {'bitrate': 500000}
2023-02-15 22:07:41 INFO Found 3 available channels
2023-02-15 22:07:41 INFO 0: Kvaser Leaf Light v2, S/N 100291 (#1)
2023-02-15 22:07:41 INFO 1: Kvaser Virtual CAN Driver, S/N 0 (#1)
2023-02-15 22:07:41 INFO 2: Kvaser Virtual CAN Driver, S/N 0 (#2)
2023-02-15 22:07:41 INFO Hardware filtering has been disabled
2023-02-15 22:07:41 INFO ZeusModule 1: initializing...
2023-02-15 22:16:11 INFO A tip 300ul is to be taken.
2023-02-15 22:16:25 INFO Performed one event::: event_id:0 substance:Isocyano transfer_volume:30
2023-02-15 22:16:36 INFO Performed one event::: event_id:1 substance:Isocyano transfer_volume:30
2023-02-15 22:16:46 INFO Tip is changed and its type is 300ul
2023-02-15 22:16:57 INFO Performed one event::: event_id:2 substance:amine transfer_volume:10
2023-02-15 22:17:07 INFO Performed one event::: event_id:3 substance:amine transfer_volume:10
2023-02-15 22:17:17 INFO Tip is changed and its type is 300ul
2023-02-15 22:17:28 INFO Performed one event::: event_id:4 substance:aldehyde transfer_volume:20
2023-02-15 22:37:38 INFO Note: NumExpr detected 16 cores but "NUMEXPR_MAX_THREADS" not set, so enforcing safe limit of 8.
2023-02-15 22:37:38 INFO NumExpr defaulting to 8 threads.
2023-02-15 22:37:38 INFO loaded kvaser's CAN library
2023-02-15 22:37:38 INFO CAN Filters: None
2023-02-15 22:37:38 INFO Got configuration of: {'bitrate': 500000}
2023-02-15 22:37:38 INFO Found 3 available channels
2023-02-15 22:37:38 INFO 0: Kvaser Leaf Light v2, S/N 100291 (#1)
2023-02-15 22:37:38 INFO 1: Kvaser Virtual CAN Driver, S/N 0 (#1)
2023-02-15 22:37:38 INFO 2: Kvaser Virtual CAN Driver, S/N 0 (#2)
2023-02-15 22:37:39 INFO Hardware filtering has been disabled
2023-02-15 22:37:39 INFO ZeusModule 1: initializing...
2023-02-15 22:38:18 INFO A tip 300ul is to be taken.
2023-02-15 22:38:33 INFO Performed one event::: event_id:0 substance:Isocyano transfer_volume:30
2023-02-15 22:38:44 INFO Performed one event::: event_id:1 substance:Isocyano transfer_volume:30
2023-02-15 22:47:07 INFO Note: NumExpr detected 16 cores but "NUMEXPR_MAX_THREADS" not set, so enforcing safe limit of 8.
2023-02-15 22:47:07 INFO NumExpr defaulting to 8 threads.
2023-02-15 22:47:08 INFO loaded kvaser's CAN library
2023-02-15 22:47:08 INFO CAN Filters: None
2023-02-15 22:47:08 INFO Got configuration of: {'bitrate': 500000}
2023-02-15 22:47:08 INFO Found 3 available channels
2023-02-15 22:47:08 INFO 0: Kvaser Leaf Light v2, S/N 100291 (#1)
2023-02-15 22:47:08 INFO 1: Kvaser Virtual CAN Driver, S/N 0 (#1)
2023-02-15 22:47:08 INFO 2: Kvaser Virtual CAN Driver, S/N 0 (#2)
2023-02-15 22:47:08 INFO Hardware filtering has been disabled
2023-02-15 22:47:08 INFO ZeusModule 1: initializing...
2023-02-15 22:47:48 INFO A tip 300ul is to be taken.
2023-02-15 22:48:02 INFO Performed one event::: event_id:0 substance:Isocyano transfer_volume:30
2023-02-15 22:48:13 INFO Performed one event::: event_id:1 substance:Isocyano transfer_volume:30
2023-02-15 22:48:23 INFO Tip is changed and its type is 300ul
2023-02-15 22:48:33 INFO Performed one event::: event_id:2 substance:amine transfer_volume:10
2023-02-15 22:48:44 INFO Performed one event::: event_id:3 substance:amine transfer_volume:10
2023-02-15 22:48:54 INFO Tip is changed and its type is 300ul
2023-02-15 22:49:04 INFO Performed one event::: event_id:4 substance:aldehyde transfer_volume:20
2023-02-15 23:06:10 INFO Note: NumExpr detected 16 cores but "NUMEXPR_MAX_THREADS" not set, so enforcing safe limit of 8.
2023-02-15 23:06:10 INFO NumExpr defaulting to 8 threads.
2023-02-15 23:06:11 INFO loaded kvaser's CAN library
2023-02-15 23:06:11 INFO CAN Filters: None
2023-02-15 23:06:11 INFO Got configuration of: {'bitrate': 500000}
2023-02-15 23:06:11 INFO Found 3 available channels
2023-02-15 23:06:11 INFO 0: Kvaser Leaf Light v2, S/N 100291 (#1)
2023-02-15 23:06:11 INFO 1: Kvaser Virtual CAN Driver, S/N 0 (#1)
2023-02-15 23:06:11 INFO 2: Kvaser Virtual CAN Driver, S/N 0 (#2)
2023-02-15 23:06:11 INFO Hardware filtering has been disabled
2023-02-15 23:06:11 INFO ZeusModule 1: initializing...
2023-02-15 23:10:04 INFO Note: NumExpr detected 16 cores but "NUMEXPR_MAX_THREADS" not set, so enforcing safe limit of 8.
2023-02-15 23:10:04 INFO NumExpr defaulting to 8 threads.
2023-02-15 23:10:05 INFO loaded kvaser's CAN library
2023-02-15 23:10:05 INFO CAN Filters: None
2023-02-15 23:10:05 INFO Got configuration of: {'bitrate': 500000}
2023-02-15 23:10:05 INFO Found 3 available channels
2023-02-15 23:10:05 INFO 0: Kvaser Leaf Light v2, S/N 100291 (#1)
2023-02-15 23:10:05 INFO 1: Kvaser Virtual CAN Driver, S/N 0 (#1)
2023-02-15 23:10:05 INFO 2: Kvaser Virtual CAN Driver, S/N 0 (#2)
2023-02-15 23:10:05 INFO Hardware filtering has been disabled
2023-02-15 23:10:05 INFO ZeusModule 1: initializing...
2023-02-15 23:23:23 INFO Note: NumExpr detected 16 cores but "NUMEXPR_MAX_THREADS" not set, so enforcing safe limit of 8.
2023-02-15 23:23:23 INFO NumExpr defaulting to 8 threads.
2023-02-15 23:23:24 INFO loaded kvaser's CAN library
2023-02-15 23:23:24 INFO CAN Filters: None
2023-02-15 23:23:24 INFO Got configuration of: {'bitrate': 500000}
2023-02-15 23:23:24 INFO Found 3 available channels
2023-02-15 23:23:24 INFO 0: Kvaser Leaf Light v2, S/N 100291 (#1)
2023-02-15 23:23:24 INFO 1: Kvaser Virtual CAN Driver, S/N 0 (#1)
2023-02-15 23:23:24 INFO 2: Kvaser Virtual CAN Driver, S/N 0 (#2)
2023-02-15 23:23:24 INFO Hardware filtering has been disabled
2023-02-15 23:23:24 INFO ZeusModule 1: initializing...
2023-02-15 23:24:31 INFO A tip 300ul is to be taken.
2023-02-15 23:27:26 INFO Note: NumExpr detected 16 cores but "NUMEXPR_MAX_THREADS" not set, so enforcing safe limit of 8.
2023-02-15 23:27:26 INFO NumExpr defaulting to 8 threads.
2023-02-15 23:27:27 INFO loaded kvaser's CAN library
2023-02-15 23:27:27 INFO CAN Filters: None
2023-02-15 23:27:27 INFO Got configuration of: {'bitrate': 500000}
2023-02-15 23:27:27 INFO Found 3 available channels
2023-02-15 23:27:27 INFO 0: Kvaser Leaf Light v2, S/N 100291 (#1)
2023-02-15 23:27:27 INFO 1: Kvaser Virtual CAN Driver, S/N 0 (#1)
2023-02-15 23:27:27 INFO 2: Kvaser Virtual CAN Driver, S/N 0 (#2)
2023-02-15 23:27:27 INFO Hardware filtering has been disabled
2023-02-15 23:27:27 INFO ZeusModule 1: initializing...
2023-02-15 23:27:32 INFO Note: NumExpr detected 16 cores but "NUMEXPR_MAX_THREADS" not set, so enforcing safe limit of 8.
2023-02-15 23:27:32 INFO NumExpr defaulting to 8 threads.
2023-02-15 23:27:32 INFO loaded kvaser's CAN library
2023-02-15 23:27:32 INFO CAN Filters: None
2023-02-15 23:27:32 INFO Got configuration of: {'bitrate': 500000}
2023-02-15 23:27:32 INFO Found 3 available channels
2023-02-15 23:27:32 INFO 0: Kvaser Leaf Light v2, S/N 100291 (#1)
2023-02-15 23:27:32 INFO 1: Kvaser Virtual CAN Driver, S/N 0 (#1)
2023-02-15 23:27:32 INFO 2: Kvaser Virtual CAN Driver, S/N 0 (#2)
2023-02-15 23:27:32 INFO Hardware filtering has been disabled
2023-02-15 23:27:32 INFO ZeusModule 1: initializing...
2023-02-15 23:29:07 INFO A tip 300ul is to be taken.
2023-02-15 23:35:34 INFO Note: NumExpr detected 16 cores but "NUMEXPR_MAX_THREADS" not set, so enforcing safe limit of 8.
2023-02-15 23:35:34 INFO NumExpr defaulting to 8 threads.
2023-02-15 23:35:35 INFO loaded kvaser's CAN library
2023-02-15 23:35:35 INFO CAN Filters: None
2023-02-15 23:35:35 INFO Got configuration of: {'bitrate': 500000}
2023-02-15 23:35:35 INFO Found 3 available channels
2023-02-15 23:35:35 INFO 0: Kvaser Leaf Light v2, S/N 100291 (#1)
2023-02-15 23:35:35 INFO 1: Kvaser Virtual CAN Driver, S/N 0 (#1)
2023-02-15 23:35:35 INFO 2: Kvaser Virtual CAN Driver, S/N 0 (#2)
2023-02-15 23:35:35 INFO Hardware filtering has been disabled
2023-02-15 23:35:35 INFO ZeusModule 1: initializing...
2023-02-15 23:36:42 INFO A tip 300ul is to be taken.
2023-02-15 23:36:55 INFO A tip 300ul is to be taken.
2023-02-15 23:37:09 INFO Performed one event::: event_id:0 substance:Isocyano transfer_volume:30
2023-02-15 23:37:19 INFO Performed one event::: event_id:1 substance:Isocyano transfer_volume:30
2023-02-15 23:37:29 INFO Tip is changed and its type is 300ul
2023-02-15 23:37:39 INFO Performed one event::: event_id:2 substance:amine transfer_volume:10
2023-02-15 23:37:48 INFO Performed one event::: event_id:3 substance:amine transfer_volume:10
2023-02-15 23:37:58 INFO Tip is changed and its type is 300ul
2023-02-15 23:38:08 INFO Performed one event::: event_id:4 substance:aldehyde transfer_volume:20
2023-02-15 23:48:49 INFO Note: NumExpr detected 16 cores but "NUMEXPR_MAX_THREADS" not set, so enforcing safe limit of 8.
2023-02-15 23:48:49 INFO NumExpr defaulting to 8 threads.
2023-02-15 23:48:50 INFO loaded kvaser's CAN library
2023-02-15 23:48:50 INFO CAN Filters: None
2023-02-15 23:48:50 INFO Got configuration of: {'bitrate': 500000}
2023-02-15 23:48:50 INFO Found 3 available channels
2023-02-15 23:48:50 INFO 0: Kvaser Leaf Light v2, S/N 100291 (#1)
2023-02-15 23:48:50 INFO 1: Kvaser Virtual CAN Driver, S/N 0 (#1)
2023-02-15 23:48:50 INFO 2: Kvaser Virtual CAN Driver, S/N 0 (#2)
2023-02-15 23:48:50 INFO Hardware filtering has been disabled
2023-02-15 23:48:50 INFO ZeusModule 1: initializing...
2023-02-15 23:50:52 INFO A tip 300ul is to be taken.
2023-02-15 23:51:06 INFO Performed one event::: event_id:0 substance:Isocyano transfer_volume:30
2023-02-15 23:51:16 INFO Performed one event::: event_id:1 substance:Isocyano transfer_volume:30
2023-02-15 23:51:26 INFO Tip is changed and its type is 300ul
2023-02-15 23:51:36 INFO Performed one event::: event_id:2 substance:amine transfer_volume:10
2023-02-15 23:51:47 INFO Performed one event::: event_id:3 substance:amine transfer_volume:10
2023-02-15 23:51:56 INFO Tip is changed and its type is 300ul
2023-02-15 23:52:07 INFO Performed one event::: event_id:4 substance:aldehyde transfer_volume:20
2023-02-16 00:06:09 INFO Note: NumExpr detected 16 cores but "NUMEXPR_MAX_THREADS" not set, so enforcing safe limit of 8.
2023-02-16 00:06:09 INFO NumExpr defaulting to 8 threads.
2023-02-16 00:06:09 INFO loaded kvaser's CAN library
2023-02-16 00:06:09 INFO CAN Filters: None
2023-02-16 00:06:09 INFO Got configuration of: {'bitrate': 500000}
2023-02-16 00:06:09 INFO Found 3 available channels
2023-02-16 00:06:09 INFO 0: Kvaser Leaf Light v2, S/N 100291 (#1)
2023-02-16 00:06:09 INFO 1: Kvaser Virtual CAN Driver, S/N 0 (#1)
2023-02-16 00:06:09 INFO 2: Kvaser Virtual CAN Driver, S/N 0 (#2)
2023-02-16 00:06:09 INFO Hardware filtering has been disabled
2023-02-16 00:06:09 INFO ZeusModule 1: initializing...
2023-02-16 13:19:02 INFO Note: NumExpr detected 16 cores but "NUMEXPR_MAX_THREADS" not set, so enforcing safe limit of 8.
2023-02-16 13:19:02 INFO NumExpr defaulting to 8 threads.
2023-02-16 13:19:03 INFO loaded kvaser's CAN library
2023-02-16 13:19:03 INFO CAN Filters: None
2023-02-16 13:19:03 INFO Got configuration of: {'bitrate': 500000}
2023-02-16 13:19:03 INFO Found 3 available channels
2023-02-16 13:19:03 INFO 0: Kvaser Leaf Light v2, S/N 100291 (#1)
2023-02-16 13:19:03 INFO 1: Kvaser Virtual CAN Driver, S/N 0 (#1)
2023-02-16 13:19:03 INFO 2: Kvaser Virtual CAN Driver, S/N 0 (#2)
2023-02-16 13:19:03 INFO Hardware filtering has been disabled
2023-02-16 13:19:03 INFO ZeusModule 1: initializing...
2023-02-16 13:21:17 INFO Note: NumExpr detected 16 cores but "NUMEXPR_MAX_THREADS" not set, so enforcing safe limit of 8.
2023-02-16 13:21:17 INFO NumExpr defaulting to 8 threads.
2023-02-16 13:21:17 INFO loaded kvaser's CAN library
2023-02-16 13:21:17 INFO CAN Filters: None
2023-02-16 13:21:17 INFO Got configuration of: {'bitrate': 500000}
2023-02-16 13:21:17 INFO Found 3 available channels
2023-02-16 13:21:17 INFO 0: Kvaser Leaf Light v2, S/N 100291 (#1)
2023-02-16 13:21:17 INFO 1: Kvaser Virtual CAN Driver, S/N 0 (#1)
2023-02-16 13:21:17 INFO 2: Kvaser Virtual CAN Driver, S/N 0 (#2)
2023-02-16 13:21:17 INFO Hardware filtering has been disabled
2023-02-16 13:21:17 INFO ZeusModule 1: initializing...
2023-02-16 13:21:58 INFO A tip 300ul is to be taken.
2023-02-16 13:22:12 INFO Performed one event::: event_id:::0  substance:::Isocyano  transfer_volume:::30
2023-02-16 13:22:22 INFO Performed one event::: event_id:::1  substance:::Isocyano  transfer_volume:::30
2023-02-16 13:22:32 INFO Tip is changed and its type is 300ul
2023-02-16 13:22:43 INFO Performed one event::: event_id:::2  substance:::amine  transfer_volume:::10
2023-02-16 13:22:53 INFO Performed one event::: event_id:::3  substance:::amine  transfer_volume:::10
2023-02-16 13:23:03 INFO Tip is changed and its type is 300ul
2023-02-16 13:23:14 INFO Performed one event::: event_id:::4  substance:::aldehyde  transfer_volume:::20
2023-02-16 13:23:55 INFO A tip 300ul is to be taken.
2023-02-16 13:24:25 INFO A tip 300ul is to be taken.
2023-02-16 13:24:40 INFO Performed one event::: event_id:::5  substance:::aldehyde  transfer_volume:::20
2023-02-16 13:24:50 INFO Tip is changed and its type is 300ul
2023-02-16 13:25:00 INFO Performed one event::: event_id:::6  substance:::pTSA  transfer_volume:::10
2023-02-16 13:25:10 INFO Performed one event::: event_id:::7  substance:::pTSA  transfer_volume:::20
2023-02-16 13:25:20 INFO Tip is changed and its type is 300ul
2023-02-16 13:25:44 INFO Performed one event::: event_id:::8  substance:::DMF  transfer_volume:::430
2023-02-16 13:26:09 INFO Performed one event::: event_id:::9  substance:::DMF  transfer_volume:::420
2023-02-16 13:39:21 INFO Note: NumExpr detected 16 cores but "NUMEXPR_MAX_THREADS" not set, so enforcing safe limit of 8.
2023-02-16 13:39:21 INFO NumExpr defaulting to 8 threads.
2023-02-16 13:39:22 INFO loaded kvaser's CAN library
2023-02-16 13:39:22 INFO CAN Filters: None
2023-02-16 13:39:22 INFO Got configuration of: {'bitrate': 500000}
2023-02-16 13:39:22 INFO Found 3 available channels
2023-02-16 13:39:22 INFO 0: Kvaser Leaf Light v2, S/N 100291 (#1)
2023-02-16 13:39:22 INFO 1: Kvaser Virtual CAN Driver, S/N 0 (#1)
2023-02-16 13:39:22 INFO 2: Kvaser Virtual CAN Driver, S/N 0 (#2)
2023-02-16 13:39:22 INFO Hardware filtering has been disabled
2023-02-16 13:39:22 INFO ZeusModule 1: initializing...
2023-02-16 13:40:43 INFO A tip 300ul is to be taken.
2023-02-16 13:40:57 INFO Performed one event::: event_id:::0  substance:::Isocyano  transfer_volume:::30
2023-02-16 13:41:07 INFO Performed one event::: event_id:::1  substance:::Isocyano  transfer_volume:::30
2023-02-16 13:41:17 INFO Tip is changed and its type is 300ul
2023-02-16 13:41:28 INFO Performed one event::: event_id:::2  substance:::amine  transfer_volume:::10
2023-02-16 13:41:38 INFO Performed one event::: event_id:::3  substance:::amine  transfer_volume:::10
2023-02-16 13:41:48 INFO Tip is changed and its type is 300ul
2023-02-16 13:41:59 INFO Performed one event::: event_id:::4  substance:::aldehyde  transfer_volume:::20
2023-02-16 13:42:11 INFO Performed one event::: event_id:::5  substance:::aldehyde  transfer_volume:::20
2023-02-16 13:45:05 INFO Note: NumExpr detected 16 cores but "NUMEXPR_MAX_THREADS" not set, so enforcing safe limit of 8.
2023-02-16 13:45:05 INFO NumExpr defaulting to 8 threads.
2023-02-16 13:45:06 INFO loaded kvaser's CAN library
2023-02-16 13:45:06 INFO CAN Filters: None
2023-02-16 13:45:06 INFO Got configuration of: {'bitrate': 500000}
2023-02-16 13:45:06 INFO Found 3 available channels
2023-02-16 13:45:06 INFO 0: Kvaser Leaf Light v2, S/N 100291 (#1)
2023-02-16 13:45:06 INFO 1: Kvaser Virtual CAN Driver, S/N 0 (#1)
2023-02-16 13:45:06 INFO 2: Kvaser Virtual CAN Driver, S/N 0 (#2)
2023-02-16 13:45:06 INFO Hardware filtering has been disabled
2023-02-16 13:45:06 INFO ZeusModule 1: initializing...
2023-02-16 13:46:55 INFO A tip 300ul is to be taken.
2023-02-16 13:46:59 INFO Performed one event::: event_id:::0  substance:::Isocyano  transfer_volume:::30
2023-02-16 13:47:00 INFO Performed one event::: event_id:::1  substance:::Isocyano  transfer_volume:::30
2023-02-16 13:47:09 INFO Tip is changed and its type is 300ul
2023-02-16 13:47:09 INFO Performed one event::: event_id:::2  substance:::amine  transfer_volume:::10
2023-02-16 13:47:10 INFO Performed one event::: event_id:::3  substance:::amine  transfer_volume:::10
2023-02-16 13:47:19 INFO Tip is changed and its type is 300ul
2023-02-16 13:47:20 INFO Performed one event::: event_id:::4  substance:::aldehyde  transfer_volume:::20
2023-02-16 13:47:20 INFO Performed one event::: event_id:::5  substance:::aldehyde  transfer_volume:::20
2023-02-16 13:47:30 INFO Tip is changed and its type is 300ul
2023-02-16 13:47:30 INFO Performed one event::: event_id:::6  substance:::pTSA  transfer_volume:::10
2023-02-16 13:47:31 INFO Performed one event::: event_id:::7  substance:::pTSA  transfer_volume:::20
2023-02-16 13:47:40 INFO Tip is changed and its type is 300ul
2023-02-16 13:47:40 INFO Performed one event::: event_id:::8  substance:::DMF  transfer_volume:::430
2023-02-16 13:47:41 INFO Performed one event::: event_id:::9  substance:::DMF  transfer_volume:::420
2023-02-16 13:49:20 INFO Note: NumExpr detected 16 cores but "NUMEXPR_MAX_THREADS" not set, so enforcing safe limit of 8.
2023-02-16 13:49:20 INFO NumExpr defaulting to 8 threads.
2023-02-16 13:49:20 INFO loaded kvaser's CAN library
2023-02-16 13:49:20 INFO CAN Filters: None
2023-02-16 13:49:20 INFO Got configuration of: {'bitrate': 500000}
2023-02-16 13:49:20 INFO Found 3 available channels
2023-02-16 13:49:20 INFO 0: Kvaser Leaf Light v2, S/N 100291 (#1)
2023-02-16 13:49:20 INFO 1: Kvaser Virtual CAN Driver, S/N 0 (#1)
2023-02-16 13:49:20 INFO 2: Kvaser Virtual CAN Driver, S/N 0 (#2)
2023-02-16 13:49:20 INFO Hardware filtering has been disabled
2023-02-16 13:49:20 INFO ZeusModule 1: initializing...
2023-02-16 13:50:31 INFO A tip 300ul is to be taken.
2023-02-16 13:50:46 INFO Performed one event::: event_id:::0  substance:::Isocyano  transfer_volume:::30
2023-02-16 13:50:58 INFO Performed one event::: event_id:::1  substance:::Isocyano  transfer_volume:::30
2023-02-16 13:51:07 INFO Tip is changed and its type is 300ul
2023-02-16 13:51:19 INFO Performed one event::: event_id:::2  substance:::amine  transfer_volume:::10
2023-02-16 13:51:32 INFO Performed one event::: event_id:::3  substance:::amine  transfer_volume:::10
2023-02-16 13:51:40 INFO Tip is changed and its type is 300ul
2023-02-16 13:51:51 INFO Performed one event::: event_id:::4  substance:::aldehyde  transfer_volume:::20
2023-02-16 13:52:00 INFO Performed one event::: event_id:::5  substance:::aldehyde  transfer_volume:::20
2023-02-16 13:52:09 INFO Tip is changed and its type is 300ul
2023-02-16 13:52:21 INFO Performed one event::: event_id:::6  substance:::pTSA  transfer_volume:::10
2023-02-16 13:52:33 INFO Performed one event::: event_id:::7  substance:::pTSA  transfer_volume:::20
2023-02-16 13:52:42 INFO Tip is changed and its type is 300ul
2023-02-16 13:52:42 INFO Performed one event::: event_id:::8  substance:::DMF  transfer_volume:::430
2023-02-16 13:52:43 INFO Performed one event::: event_id:::9  substance:::DMF  transfer_volume:::420
2023-02-16 13:54:14 INFO Note: NumExpr detected 16 cores but "NUMEXPR_MAX_THREADS" not set, so enforcing safe limit of 8.
2023-02-16 13:54:14 INFO NumExpr defaulting to 8 threads.
2023-02-16 13:54:14 INFO loaded kvaser's CAN library
2023-02-16 13:54:14 INFO CAN Filters: None
2023-02-16 13:54:14 INFO Got configuration of: {'bitrate': 500000}
2023-02-16 13:54:14 INFO Found 3 available channels
2023-02-16 13:54:14 INFO 0: Kvaser Leaf Light v2, S/N 100291 (#1)
2023-02-16 13:54:14 INFO 1: Kvaser Virtual CAN Driver, S/N 0 (#1)
2023-02-16 13:54:14 INFO 2: Kvaser Virtual CAN Driver, S/N 0 (#2)
2023-02-16 13:54:14 INFO Hardware filtering has been disabled
2023-02-16 13:54:14 INFO ZeusModule 1: initializing...
2023-02-16 13:55:34 INFO Note: NumExpr detected 16 cores but "NUMEXPR_MAX_THREADS" not set, so enforcing safe limit of 8.
2023-02-16 13:55:34 INFO NumExpr defaulting to 8 threads.
2023-02-16 13:55:34 INFO loaded kvaser's CAN library
2023-02-16 13:55:34 INFO CAN Filters: None
2023-02-16 13:55:34 INFO Got configuration of: {'bitrate': 500000}
2023-02-16 13:55:34 INFO Found 3 available channels
2023-02-16 13:55:34 INFO 0: Kvaser Leaf Light v2, S/N 100291 (#1)
2023-02-16 13:55:34 INFO 1: Kvaser Virtual CAN Driver, S/N 0 (#1)
2023-02-16 13:55:34 INFO 2: Kvaser Virtual CAN Driver, S/N 0 (#2)
2023-02-16 13:55:35 INFO Hardware filtering has been disabled
2023-02-16 13:55:35 INFO ZeusModule 1: initializing...
2023-02-16 13:56:25 INFO A tip 300ul is to be taken.
2023-02-16 13:56:40 INFO Performed one event::: event_id:::0  substance:::Isocyano  transfer_volume:::100
2023-02-16 13:56:52 INFO Performed one event::: event_id:::1  substance:::Isocyano  transfer_volume:::100
2023-02-16 13:57:01 INFO Tip is changed and its type is 300ul
2023-02-16 13:57:01 INFO Performed one event::: event_id:::2  substance:::amine  transfer_volume:::100
2023-02-16 13:57:02 INFO Performed one event::: event_id:::3  substance:::amine  transfer_volume:::100
2023-02-16 13:57:11 INFO Tip is changed and its type is 300ul
2023-02-16 13:57:12 INFO Performed one event::: event_id:::4  substance:::aldehyde  transfer_volume:::100
2023-02-16 13:57:12 INFO Performed one event::: event_id:::5  substance:::aldehyde  transfer_volume:::100
2023-02-16 13:57:22 INFO Tip is changed and its type is 300ul
2023-02-16 13:57:22 INFO Performed one event::: event_id:::6  substance:::pTSA  transfer_volume:::100
2023-02-16 13:57:23 INFO Performed one event::: event_id:::7  substance:::pTSA  transfer_volume:::100
2023-02-16 13:57:32 INFO Tip is changed and its type is 300ul
2023-02-16 13:57:32 INFO Performed one event::: event_id:::8  substance:::DMF  transfer_volume:::100
2023-02-16 13:57:33 INFO Performed one event::: event_id:::9  substance:::DMF  transfer_volume:::100
2023-02-16 14:00:08 INFO Note: NumExpr detected 16 cores but "NUMEXPR_MAX_THREADS" not set, so enforcing safe limit of 8.
2023-02-16 14:00:08 INFO NumExpr defaulting to 8 threads.
2023-02-16 14:00:09 INFO loaded kvaser's CAN library
2023-02-16 14:00:09 INFO CAN Filters: None
2023-02-16 14:00:09 INFO Got configuration of: {'bitrate': 500000}
2023-02-16 14:00:09 INFO Found 3 available channels
2023-02-16 14:00:09 INFO 0: Kvaser Leaf Light v2, S/N 100291 (#1)
2023-02-16 14:00:09 INFO 1: Kvaser Virtual CAN Driver, S/N 0 (#1)
2023-02-16 14:00:09 INFO 2: Kvaser Virtual CAN Driver, S/N 0 (#2)
2023-02-16 14:00:09 INFO Hardware filtering has been disabled
2023-02-16 14:00:09 INFO ZeusModule 1: initializing...
2023-02-16 14:03:44 INFO A tip 300ul is to be taken.
2023-02-16 14:14:53 INFO Note: NumExpr detected 16 cores but "NUMEXPR_MAX_THREADS" not set, so enforcing safe limit of 8.
2023-02-16 14:14:53 INFO NumExpr defaulting to 8 threads.
2023-02-16 14:14:54 INFO loaded kvaser's CAN library
2023-02-16 14:14:54 INFO CAN Filters: None
2023-02-16 14:14:54 INFO Got configuration of: {'bitrate': 500000}
2023-02-16 14:14:54 INFO Found 3 available channels
2023-02-16 14:14:54 INFO 0: Kvaser Leaf Light v2, S/N 100291 (#1)
2023-02-16 14:14:54 INFO 1: Kvaser Virtual CAN Driver, S/N 0 (#1)
2023-02-16 14:14:54 INFO 2: Kvaser Virtual CAN Driver, S/N 0 (#2)
2023-02-16 14:14:54 INFO Hardware filtering has been disabled
2023-02-16 14:14:54 INFO ZeusModule 1: initializing...
2023-02-16 14:15:40 INFO Note: NumExpr detected 16 cores but "NUMEXPR_MAX_THREADS" not set, so enforcing safe limit of 8.
2023-02-16 14:15:40 INFO NumExpr defaulting to 8 threads.
2023-02-16 14:15:40 INFO loaded kvaser's CAN library
2023-02-16 14:15:40 INFO CAN Filters: None
2023-02-16 14:15:40 INFO Got configuration of: {'bitrate': 500000}
2023-02-16 14:15:40 INFO Found 3 available channels
2023-02-16 14:15:40 INFO 0: Kvaser Leaf Light v2, S/N 100291 (#1)
2023-02-16 14:15:40 INFO 1: Kvaser Virtual CAN Driver, S/N 0 (#1)
2023-02-16 14:15:40 INFO 2: Kvaser Virtual CAN Driver, S/N 0 (#2)
2023-02-16 14:15:41 INFO Hardware filtering has been disabled
2023-02-16 14:15:41 INFO ZeusModule 1: initializing...
2023-02-16 14:17:19 INFO A tip 300ul is to be taken.
2023-02-16 14:17:59 INFO Note: NumExpr detected 16 cores but "NUMEXPR_MAX_THREADS" not set, so enforcing safe limit of 8.
2023-02-16 14:17:59 INFO NumExpr defaulting to 8 threads.
2023-02-16 14:18:00 INFO loaded kvaser's CAN library
2023-02-16 14:18:00 INFO CAN Filters: None
2023-02-16 14:18:00 INFO Got configuration of: {'bitrate': 500000}
2023-02-16 14:18:00 INFO Found 3 available channels
2023-02-16 14:18:00 INFO 0: Kvaser Leaf Light v2, S/N 100291 (#1)
2023-02-16 14:18:00 INFO 1: Kvaser Virtual CAN Driver, S/N 0 (#1)
2023-02-16 14:18:00 INFO 2: Kvaser Virtual CAN Driver, S/N 0 (#2)
2023-02-16 14:18:00 INFO Hardware filtering has been disabled
2023-02-16 14:18:00 INFO ZeusModule 1: initializing...
2023-02-16 14:19:24 INFO A tip 300ul is to be taken.
2023-02-16 14:32:16 INFO Note: NumExpr detected 16 cores but "NUMEXPR_MAX_THREADS" not set, so enforcing safe limit of 8.
2023-02-16 14:32:16 INFO NumExpr defaulting to 8 threads.
2023-02-16 14:32:17 INFO loaded kvaser's CAN library
2023-02-16 14:32:17 INFO CAN Filters: None
2023-02-16 14:32:17 INFO Got configuration of: {'bitrate': 500000}
2023-02-16 14:32:17 INFO Found 3 available channels
2023-02-16 14:32:17 INFO 0: Kvaser Leaf Light v2, S/N 100291 (#1)
2023-02-16 14:32:17 INFO 1: Kvaser Virtual CAN Driver, S/N 0 (#1)
2023-02-16 14:32:17 INFO 2: Kvaser Virtual CAN Driver, S/N 0 (#2)
2023-02-16 14:32:17 INFO Hardware filtering has been disabled
2023-02-16 14:32:17 INFO ZeusModule 1: initializing...
2023-02-16 14:34:32 INFO A tip 300ul is to be taken.
2023-02-16 14:34:47 INFO Performed one event::: event_id:::0  substance:::Isocyano  transfer_volume:::100
2023-02-16 14:44:47 INFO Note: NumExpr detected 16 cores but "NUMEXPR_MAX_THREADS" not set, so enforcing safe limit of 8.
2023-02-16 14:44:47 INFO NumExpr defaulting to 8 threads.
2023-02-16 14:44:48 INFO loaded kvaser's CAN library
2023-02-16 14:44:48 INFO CAN Filters: None
2023-02-16 14:44:48 INFO Got configuration of: {'bitrate': 500000}
2023-02-16 14:44:48 INFO Found 3 available channels
2023-02-16 14:44:48 INFO 0: Kvaser Leaf Light v2, S/N 100291 (#1)
2023-02-16 14:44:48 INFO 1: Kvaser Virtual CAN Driver, S/N 0 (#1)
2023-02-16 14:44:48 INFO 2: Kvaser Virtual CAN Driver, S/N 0 (#2)
2023-02-16 14:44:48 INFO Hardware filtering has been disabled
2023-02-16 14:44:48 INFO ZeusModule 1: initializing...
2023-02-16 14:46:19 INFO A tip 300ul is to be taken.
2023-02-16 14:47:39 INFO Note: NumExpr detected 16 cores but "NUMEXPR_MAX_THREADS" not set, so enforcing safe limit of 8.
2023-02-16 14:47:39 INFO NumExpr defaulting to 8 threads.
2023-02-16 14:47:39 INFO loaded kvaser's CAN library
2023-02-16 14:47:39 INFO CAN Filters: None
2023-02-16 14:47:39 INFO Got configuration of: {'bitrate': 500000}
2023-02-16 14:47:39 INFO Found 3 available channels
2023-02-16 14:47:39 INFO 0: Kvaser Leaf Light v2, S/N 100291 (#1)
2023-02-16 14:47:39 INFO 1: Kvaser Virtual CAN Driver, S/N 0 (#1)
2023-02-16 14:47:39 INFO 2: Kvaser Virtual CAN Driver, S/N 0 (#2)
2023-02-16 14:47:39 INFO Hardware filtering has been disabled
2023-02-16 14:47:39 INFO ZeusModule 1: initializing...
2023-02-16 14:49:00 INFO A tip 300ul is to be taken.
2023-02-16 14:49:15 INFO Performed one event: event_id:::0  substance:::Isocyano  transfer_volume:::100
2023-02-16 14:49:25 INFO Performed one event: event_id:::1  substance:::Isocyano  transfer_volume:::100
2023-02-16 14:49:34 INFO Tip is changed and its type is 300ul
2023-02-16 14:49:35 INFO Performed one event: event_id:::2  substance:::amine  transfer_volume:::100
2023-02-16 14:49:35 INFO Performed one event: event_id:::3  substance:::amine  transfer_volume:::100
2023-02-16 14:49:45 INFO Tip is changed and its type is 300ul
2023-02-16 14:49:45 INFO Performed one event: event_id:::4  substance:::aldehyde  transfer_volume:::100
2023-02-16 14:49:46 INFO Performed one event: event_id:::5  substance:::aldehyde  transfer_volume:::100
2023-02-16 14:49:55 INFO Tip is changed and its type is 300ul
2023-02-16 14:49:56 INFO Performed one event: event_id:::6  substance:::pTSA  transfer_volume:::100
2023-02-16 14:49:56 INFO Performed one event: event_id:::7  substance:::pTSA  transfer_volume:::100
2023-02-16 14:55:45 INFO Note: NumExpr detected 16 cores but "NUMEXPR_MAX_THREADS" not set, so enforcing safe limit of 8.
2023-02-16 14:55:45 INFO NumExpr defaulting to 8 threads.
2023-02-16 14:55:45 INFO loaded kvaser's CAN library
2023-02-16 14:55:45 INFO CAN Filters: None
2023-02-16 14:55:45 INFO Got configuration of: {'bitrate': 500000}
2023-02-16 14:55:45 INFO Found 3 available channels
2023-02-16 14:55:45 INFO 0: Kvaser Leaf Light v2, S/N 100291 (#1)
2023-02-16 14:55:45 INFO 1: Kvaser Virtual CAN Driver, S/N 0 (#1)
2023-02-16 14:55:45 INFO 2: Kvaser Virtual CAN Driver, S/N 0 (#2)
2023-02-16 14:55:46 INFO Hardware filtering has been disabled
2023-02-16 14:55:46 INFO ZeusModule 1: initializing...
2023-02-16 14:56:41 INFO A tip 300ul is to be taken.
2023-02-16 14:56:56 INFO Performed one event: event_id:::0  substance:::Isocyano  transfer_volume:::20
2023-02-16 14:57:06 INFO Performed one event: event_id:::1  substance:::Isocyano  transfer_volume:::20
2023-02-16 14:57:15 INFO Tip is changed and its type is 300ul
2023-02-16 14:57:25 INFO Performed one event: event_id:::2  substance:::amine  transfer_volume:::20
2023-02-16 14:57:35 INFO Performed one event: event_id:::3  substance:::amine  transfer_volume:::20
2023-02-16 14:57:44 INFO Tip is changed and its type is 300ul
2023-02-16 14:57:54 INFO Performed one event: event_id:::4  substance:::aldehyde  transfer_volume:::20
2023-02-16 14:58:04 INFO Performed one event: event_id:::5  substance:::aldehyde  transfer_volume:::20
2023-02-16 14:58:13 INFO Tip is changed and its type is 300ul
2023-02-16 14:58:23 INFO Performed one event: event_id:::6  substance:::pTSA  transfer_volume:::20
2023-02-16 14:58:33 INFO Performed one event: event_id:::7  substance:::pTSA  transfer_volume:::20
2023-02-16 14:58:42 INFO Tip is changed and its type is 300ul
2023-02-16 14:58:52 INFO Performed one event: event_id:::8  substance:::DMF  transfer_volume:::20
2023-02-16 14:59:02 INFO Performed one event: event_id:::9  substance:::DMF  transfer_volume:::20
2023-02-16 15:01:00 INFO A tip 300ul is to be taken.
2023-02-16 15:04:04 INFO A tip 300ul is to be taken.
2023-02-16 15:04:20 INFO A tip 300ul is to be taken.
2023-02-16 15:04:43 INFO A tip 300ul is to be taken.
2023-02-16 15:07:09 INFO Note: NumExpr detected 16 cores but "NUMEXPR_MAX_THREADS" not set, so enforcing safe limit of 8.
2023-02-16 15:07:09 INFO NumExpr defaulting to 8 threads.
2023-02-16 15:07:10 INFO loaded kvaser's CAN library
2023-02-16 15:07:10 INFO CAN Filters: None
2023-02-16 15:07:10 INFO Got configuration of: {'bitrate': 500000}
2023-02-16 15:07:10 INFO Found 3 available channels
2023-02-16 15:07:10 INFO 0: Kvaser Leaf Light v2, S/N 100291 (#1)
2023-02-16 15:07:10 INFO 1: Kvaser Virtual CAN Driver, S/N 0 (#1)
2023-02-16 15:07:10 INFO 2: Kvaser Virtual CAN Driver, S/N 0 (#2)
2023-02-16 15:07:10 INFO Hardware filtering has been disabled
2023-02-16 15:07:10 INFO ZeusModule 1: initializing...
2023-02-16 15:08:38 INFO A tip 300ul is to be taken.
2023-02-16 15:09:44 INFO A tip 300ul is to be taken.
2023-02-16 15:09:49 INFO A tip 300ul is to be taken.
2023-02-16 15:09:53 INFO A tip 300ul is to be taken.
2023-02-16 15:10:01 INFO A tip 300ul is to be taken.
2023-02-16 15:10:15 INFO Performed one event: event_id:::0  substance:::Isocyano  transfer_volume:::20
2023-02-16 15:10:25 INFO Performed one event: event_id:::1  substance:::Isocyano  transfer_volume:::20
2023-02-16 15:15:08 INFO Note: NumExpr detected 16 cores but "NUMEXPR_MAX_THREADS" not set, so enforcing safe limit of 8.
2023-02-16 15:15:08 INFO NumExpr defaulting to 8 threads.
2023-02-16 15:15:09 INFO loaded kvaser's CAN library
2023-02-16 15:15:09 INFO CAN Filters: None
2023-02-16 15:15:09 INFO Got configuration of: {'bitrate': 500000}
2023-02-16 15:15:09 INFO Found 3 available channels
2023-02-16 15:15:09 INFO 0: Kvaser Leaf Light v2, S/N 100291 (#1)
2023-02-16 15:15:09 INFO 1: Kvaser Virtual CAN Driver, S/N 0 (#1)
2023-02-16 15:15:09 INFO 2: Kvaser Virtual CAN Driver, S/N 0 (#2)
2023-02-16 15:15:09 INFO Hardware filtering has been disabled
2023-02-16 15:15:09 INFO ZeusModule 1: initializing...
2023-02-16 15:18:30 INFO A tip 300ul is to be taken.
2023-02-16 15:18:44 INFO Performed one event: event_id:::0  substance:::Isocyano  transfer_volume:::20
2023-02-16 15:18:54 INFO Performed one event: event_id:::1  substance:::Isocyano  transfer_volume:::20
2023-02-16 15:20:58 INFO Note: NumExpr detected 16 cores but "NUMEXPR_MAX_THREADS" not set, so enforcing safe limit of 8.
2023-02-16 15:20:58 INFO NumExpr defaulting to 8 threads.
2023-02-16 15:20:59 INFO loaded kvaser's CAN library
2023-02-16 15:20:59 INFO CAN Filters: None
2023-02-16 15:20:59 INFO Got configuration of: {'bitrate': 500000}
2023-02-16 15:20:59 INFO Found 3 available channels
2023-02-16 15:20:59 INFO 0: Kvaser Leaf Light v2, S/N 100291 (#1)
2023-02-16 15:20:59 INFO 1: Kvaser Virtual CAN Driver, S/N 0 (#1)
2023-02-16 15:20:59 INFO 2: Kvaser Virtual CAN Driver, S/N 0 (#2)
2023-02-16 15:20:59 INFO Hardware filtering has been disabled
2023-02-16 15:20:59 INFO ZeusModule 1: initializing...
2023-02-16 15:22:01 INFO A tip 300ul is to be taken.
2023-02-16 15:22:37 INFO A tip 300ul is to be taken.
2023-02-16 15:22:44 INFO A tip 300ul is to be taken.
2023-02-16 15:22:58 INFO Performed one event: event_id:::0  substance:::Isocyano  transfer_volume:::20
2023-02-16 15:23:08 INFO Performed one event: event_id:::1  substance:::Isocyano  transfer_volume:::20
2023-02-16 15:23:17 INFO Tip is changed and its type is 50ul
2023-02-16 15:23:28 INFO Performed one event: event_id:::2  substance:::amine  transfer_volume:::20
2023-02-16 15:23:38 INFO Performed one event: event_id:::3  substance:::amine  transfer_volume:::20
2023-02-16 15:23:47 INFO Tip is changed and its type is 50ul
2023-02-16 15:23:58 INFO Performed one event: event_id:::4  substance:::aldehyde  transfer_volume:::20
2023-02-16 15:24:08 INFO Performed one event: event_id:::5  substance:::aldehyde  transfer_volume:::20
2023-02-16 15:24:17 INFO Tip is changed and its type is 50ul
2023-02-16 15:24:28 INFO Performed one event: event_id:::6  substance:::pTSA  transfer_volume:::20
2023-02-16 15:24:37 INFO Performed one event: event_id:::7  substance:::pTSA  transfer_volume:::20
2023-02-16 15:24:47 INFO Tip is changed and its type is 50ul
2023-02-16 15:24:57 INFO Performed one event: event_id:::8  substance:::DMF  transfer_volume:::20
2023-02-16 15:25:07 INFO Performed one event: event_id:::9  substance:::DMF  transfer_volume:::20
2023-02-16 15:25:42 INFO A tip 300ul is to be taken.
2023-02-16 15:26:00 INFO A tip 300ul is to be taken.
2023-02-16 15:26:15 INFO Performed one event: event_id:::0  substance:::Isocyano  transfer_volume:::20
2023-02-16 15:26:25 INFO Performed one event: event_id:::1  substance:::Isocyano  transfer_volume:::20
2023-02-16 15:26:34 INFO Tip is changed and its type is 50ul
2023-02-16 15:26:44 INFO Performed one event: event_id:::2  substance:::amine  transfer_volume:::20
2023-02-16 15:26:54 INFO Performed one event: event_id:::3  substance:::amine  transfer_volume:::20
2023-02-16 15:27:03 INFO Tip is changed and its type is 50ul
2023-02-16 15:27:14 INFO Performed one event: event_id:::4  substance:::aldehyde  transfer_volume:::20
2023-02-16 15:27:24 INFO Performed one event: event_id:::5  substance:::aldehyde  transfer_volume:::20
2023-02-16 15:27:33 INFO Tip is changed and its type is 50ul
2023-02-16 15:27:44 INFO Performed one event: event_id:::6  substance:::pTSA  transfer_volume:::20
2023-02-16 15:27:54 INFO Performed one event: event_id:::7  substance:::pTSA  transfer_volume:::20
2023-02-16 15:28:03 INFO Tip is changed and its type is 50ul
2023-02-16 15:28:14 INFO Performed one event: event_id:::8  substance:::DMF  transfer_volume:::20
2023-02-16 15:28:24 INFO Performed one event: event_id:::9  substance:::DMF  transfer_volume:::20
2023-02-16 15:29:36 INFO A tip 300ul is to be taken.
2023-02-16 15:29:51 INFO Performed one event: event_id:::0  substance:::Isocyano  transfer_volume:::20
2023-02-16 15:30:01 INFO Performed one event: event_id:::1  substance:::Isocyano  transfer_volume:::20
2023-02-16 15:30:10 INFO Tip is changed and its type is 50ul
2023-02-16 15:30:21 INFO Performed one event: event_id:::2  substance:::amine  transfer_volume:::20
2023-02-16 15:30:31 INFO Performed one event: event_id:::3  substance:::amine  transfer_volume:::20
2023-02-16 15:30:40 INFO Tip is changed and its type is 50ul
2023-02-16 15:30:51 INFO Performed one event: event_id:::4  substance:::aldehyde  transfer_volume:::20
2023-02-16 15:31:00 INFO Performed one event: event_id:::5  substance:::aldehyde  transfer_volume:::20
2023-02-16 15:31:10 INFO Tip is changed and its type is 50ul
2023-02-16 15:31:20 INFO Performed one event: event_id:::6  substance:::pTSA  transfer_volume:::20
2023-02-16 15:31:30 INFO Performed one event: event_id:::7  substance:::pTSA  transfer_volume:::20
2023-02-16 15:31:39 INFO Tip is changed and its type is 50ul
2023-02-16 15:31:50 INFO Performed one event: event_id:::8  substance:::DMF  transfer_volume:::20
2023-02-16 15:32:00 INFO Performed one event: event_id:::9  substance:::DMF  transfer_volume:::20
2023-02-16 15:39:05 INFO Note: NumExpr detected 16 cores but "NUMEXPR_MAX_THREADS" not set, so enforcing safe limit of 8.
2023-02-16 15:39:05 INFO NumExpr defaulting to 8 threads.
2023-02-16 15:39:07 INFO loaded kvaser's CAN library
2023-02-16 15:39:07 INFO CAN Filters: None
2023-02-16 15:39:07 INFO Got configuration of: {'bitrate': 500000}
2023-02-16 15:39:07 INFO Found 3 available channels
2023-02-16 15:39:07 INFO 0: Kvaser Leaf Light v2, S/N 100291 (#1)
2023-02-16 15:39:07 INFO 1: Kvaser Virtual CAN Driver, S/N 0 (#1)
2023-02-16 15:39:07 INFO 2: Kvaser Virtual CAN Driver, S/N 0 (#2)
2023-02-16 15:39:07 INFO Hardware filtering has been disabled
2023-02-16 15:39:07 INFO ZeusModule 1: initializing...
2023-02-16 15:39:56 INFO A tip 300ul is to be taken.
2023-02-16 15:40:10 INFO Performed one event: event_id:::0  substance:::Isocyano  transfer_volume:::20
2023-02-16 15:40:20 INFO Performed one event: event_id:::1  substance:::Isocyano  transfer_volume:::20
2023-02-16 15:40:29 INFO Tip is changed and its type is 50ul
2023-02-16 15:40:40 INFO Performed one event: event_id:::2  substance:::amine  transfer_volume:::20
2023-02-16 15:40:50 INFO Performed one event: event_id:::3  substance:::amine  transfer_volume:::20
2023-02-16 15:40:59 INFO Tip is changed and its type is 50ul
2023-02-16 15:41:10 INFO Performed one event: event_id:::4  substance:::aldehyde  transfer_volume:::20
2023-02-16 15:41:19 INFO Performed one event: event_id:::5  substance:::aldehyde  transfer_volume:::20
2023-02-16 15:41:29 INFO Tip is changed and its type is 50ul
2023-02-16 15:41:39 INFO Performed one event: event_id:::6  substance:::pTSA  transfer_volume:::20
2023-02-16 15:41:49 INFO Performed one event: event_id:::7  substance:::pTSA  transfer_volume:::20
2023-02-16 15:41:58 INFO Tip is changed and its type is 50ul
2023-02-16 15:42:09 INFO Performed one event: event_id:::8  substance:::DMF  transfer_volume:::20
2023-02-16 15:42:19 INFO Performed one event: event_id:::9  substance:::DMF  transfer_volume:::20
2023-02-16 15:42:31 INFO A tip 300ul is to be taken.
2023-02-16 15:42:46 INFO Performed one event: event_id:::0  substance:::Isocyano  transfer_volume:::20
2023-02-16 15:42:56 INFO Performed one event: event_id:::1  substance:::Isocyano  transfer_volume:::20
2023-02-16 15:43:05 INFO Tip is changed and its type is 50ul
2023-02-16 15:43:16 INFO Performed one event: event_id:::2  substance:::amine  transfer_volume:::20
2023-02-16 15:43:26 INFO Performed one event: event_id:::3  substance:::amine  transfer_volume:::20
2023-02-16 15:43:35 INFO Tip is changed and its type is 50ul
2023-02-16 15:43:46 INFO Performed one event: event_id:::4  substance:::aldehyde  transfer_volume:::20
2023-02-16 15:43:56 INFO Performed one event: event_id:::5  substance:::aldehyde  transfer_volume:::20
2023-02-16 15:44:05 INFO Tip is changed and its type is 50ul
2023-02-16 15:44:16 INFO Performed one event: event_id:::6  substance:::pTSA  transfer_volume:::20
2023-02-16 15:44:26 INFO Performed one event: event_id:::7  substance:::pTSA  transfer_volume:::20
2023-02-16 15:44:36 INFO Tip is changed and its type is 50ul
2023-02-16 15:44:46 INFO Performed one event: event_id:::8  substance:::DMF  transfer_volume:::20
2023-02-16 15:44:56 INFO Performed one event: event_id:::9  substance:::DMF  transfer_volume:::20
2023-02-17 12:23:44 INFO Note: NumExpr detected 16 cores but "NUMEXPR_MAX_THREADS" not set, so enforcing safe limit of 8.
2023-02-17 12:23:44 INFO NumExpr defaulting to 8 threads.
2023-02-17 12:23:45 INFO loaded kvaser's CAN library
2023-02-17 12:23:45 INFO CAN Filters: None
2023-02-17 12:23:45 INFO Got configuration of: {'bitrate': 500000}
2023-02-17 12:23:45 INFO Found 3 available channels
2023-02-17 12:23:45 INFO 0: Kvaser Leaf Light v2, S/N 100291 (#1)
2023-02-17 12:23:45 INFO 1: Kvaser Virtual CAN Driver, S/N 0 (#1)
2023-02-17 12:23:45 INFO 2: Kvaser Virtual CAN Driver, S/N 0 (#2)
2023-02-17 12:23:45 INFO Hardware filtering has been disabled
2023-02-17 12:23:45 INFO ZeusModule 1: initializing...
2023-02-17 12:50:39 INFO Note: NumExpr detected 16 cores but "NUMEXPR_MAX_THREADS" not set, so enforcing safe limit of 8.
2023-02-17 12:50:39 INFO NumExpr defaulting to 8 threads.
2023-02-17 12:50:40 INFO loaded kvaser's CAN library
2023-02-17 12:50:40 INFO CAN Filters: None
2023-02-17 12:50:40 INFO Got configuration of: {'bitrate': 500000}
2023-02-17 12:50:40 INFO Found 3 available channels
2023-02-17 12:50:40 INFO 0: Kvaser Leaf Light v2, S/N 100291 (#1)
2023-02-17 12:50:40 INFO 1: Kvaser Virtual CAN Driver, S/N 0 (#1)
2023-02-17 12:50:40 INFO 2: Kvaser Virtual CAN Driver, S/N 0 (#2)
2023-02-17 12:50:40 INFO Hardware filtering has been disabled
2023-02-17 12:50:40 INFO ZeusModule 1: initializing...
2023-02-17 12:51:17 INFO Event_list is generated with 10 events.
2023-02-17 12:51:33 INFO Now the tip on zeus is : 50ul
2023-02-17 12:52:38 INFO Note: NumExpr detected 16 cores but "NUMEXPR_MAX_THREADS" not set, so enforcing safe limit of 8.
2023-02-17 12:52:38 INFO NumExpr defaulting to 8 threads.
2023-02-17 12:52:39 INFO loaded kvaser's CAN library
2023-02-17 12:52:39 INFO CAN Filters: None
2023-02-17 12:52:39 INFO Got configuration of: {'bitrate': 500000}
2023-02-17 12:52:39 INFO Found 3 available channels
2023-02-17 12:52:39 INFO 0: Kvaser Leaf Light v2, S/N 100291 (#1)
2023-02-17 12:52:39 INFO 1: Kvaser Virtual CAN Driver, S/N 0 (#1)
2023-02-17 12:52:39 INFO 2: Kvaser Virtual CAN Driver, S/N 0 (#2)
2023-02-17 12:52:39 INFO Hardware filtering has been disabled
2023-02-17 12:52:39 INFO ZeusModule 1: initializing...
2023-02-17 12:53:16 INFO Event_list is generated with 10 events.
2023-02-17 12:53:29 INFO Now the tip on zeus is : 50ul
2023-02-17 12:54:47 INFO Note: NumExpr detected 16 cores but "NUMEXPR_MAX_THREADS" not set, so enforcing safe limit of 8.
2023-02-17 12:54:47 INFO NumExpr defaulting to 8 threads.
2023-02-17 12:54:48 INFO loaded kvaser's CAN library
2023-02-17 12:54:48 INFO CAN Filters: None
2023-02-17 12:54:48 INFO Got configuration of: {'bitrate': 500000}
2023-02-17 12:54:48 INFO Found 3 available channels
2023-02-17 12:54:48 INFO 0: Kvaser Leaf Light v2, S/N 100291 (#1)
2023-02-17 12:54:48 INFO 1: Kvaser Virtual CAN Driver, S/N 0 (#1)
2023-02-17 12:54:48 INFO 2: Kvaser Virtual CAN Driver, S/N 0 (#2)
2023-02-17 12:54:48 INFO Hardware filtering has been disabled
2023-02-17 12:54:48 INFO ZeusModule 1: initializing...
2023-02-17 12:55:25 INFO Event_list is generated with 10 events.
2023-02-17 12:55:43 INFO Now the tip on zeus is : 50ul
2023-02-17 12:59:10 INFO Note: NumExpr detected 16 cores but "NUMEXPR_MAX_THREADS" not set, so enforcing safe limit of 8.
2023-02-17 12:59:10 INFO NumExpr defaulting to 8 threads.
2023-02-17 12:59:11 INFO loaded kvaser's CAN library
2023-02-17 12:59:11 INFO CAN Filters: None
2023-02-17 12:59:11 INFO Got configuration of: {'bitrate': 500000}
2023-02-17 12:59:11 INFO Found 3 available channels
2023-02-17 12:59:11 INFO 0: Kvaser Leaf Light v2, S/N 100291 (#1)
2023-02-17 12:59:11 INFO 1: Kvaser Virtual CAN Driver, S/N 0 (#1)
2023-02-17 12:59:11 INFO 2: Kvaser Virtual CAN Driver, S/N 0 (#2)
2023-02-17 12:59:11 INFO Hardware filtering has been disabled
2023-02-17 12:59:11 INFO ZeusModule 1: initializing...
2023-02-17 12:59:44 INFO Note: NumExpr detected 16 cores but "NUMEXPR_MAX_THREADS" not set, so enforcing safe limit of 8.
2023-02-17 12:59:44 INFO NumExpr defaulting to 8 threads.
2023-02-17 12:59:45 INFO loaded kvaser's CAN library
2023-02-17 12:59:45 INFO CAN Filters: None
2023-02-17 12:59:45 INFO Got configuration of: {'bitrate': 500000}
2023-02-17 12:59:45 INFO Found 3 available channels
2023-02-17 12:59:45 INFO 0: Kvaser Leaf Light v2, S/N 100291 (#1)
2023-02-17 12:59:45 INFO 1: Kvaser Virtual CAN Driver, S/N 0 (#1)
2023-02-17 12:59:45 INFO 2: Kvaser Virtual CAN Driver, S/N 0 (#2)
2023-02-17 12:59:45 INFO Hardware filtering has been disabled
2023-02-17 12:59:45 INFO ZeusModule 1: initializing...
2023-02-17 13:00:17 INFO Event_list is generated with 10 events.
2023-02-17 13:02:16 INFO Note: NumExpr detected 16 cores but "NUMEXPR_MAX_THREADS" not set, so enforcing safe limit of 8.
2023-02-17 13:02:16 INFO NumExpr defaulting to 8 threads.
2023-02-17 13:02:17 INFO loaded kvaser's CAN library
2023-02-17 13:02:17 INFO CAN Filters: None
2023-02-17 13:02:17 INFO Got configuration of: {'bitrate': 500000}
2023-02-17 13:02:17 INFO Found 3 available channels
2023-02-17 13:02:17 INFO 0: Kvaser Leaf Light v2, S/N 100291 (#1)
2023-02-17 13:02:17 INFO 1: Kvaser Virtual CAN Driver, S/N 0 (#1)
2023-02-17 13:02:17 INFO 2: Kvaser Virtual CAN Driver, S/N 0 (#2)
2023-02-17 13:02:17 INFO Hardware filtering has been disabled
2023-02-17 13:02:17 INFO ZeusModule 1: initializing...
2023-02-17 13:02:54 INFO Event_list is generated with 10 events.
2023-02-17 13:04:21 INFO Now the tip on zeus is : 50ul
2023-02-17 16:58:43 INFO Note: NumExpr detected 16 cores but "NUMEXPR_MAX_THREADS" not set, so enforcing safe limit of 8.
2023-02-17 16:58:43 INFO NumExpr defaulting to 8 threads.
2023-02-17 16:58:45 INFO loaded kvaser's CAN library
2023-02-17 16:58:45 INFO CAN Filters: None
2023-02-17 16:58:45 INFO Got configuration of: {'bitrate': 500000}
2023-02-17 16:58:45 INFO Found 3 available channels
2023-02-17 16:58:45 INFO 0: Kvaser Leaf Light v2, S/N 100291 (#1)
2023-02-17 16:58:45 INFO 1: Kvaser Virtual CAN Driver, S/N 0 (#1)
2023-02-17 16:58:45 INFO 2: Kvaser Virtual CAN Driver, S/N 0 (#2)
2023-02-17 16:58:45 INFO Hardware filtering has been disabled
2023-02-17 16:58:45 INFO ZeusModule 1: initializing...
2023-02-17 16:59:35 INFO Note: NumExpr detected 16 cores but "NUMEXPR_MAX_THREADS" not set, so enforcing safe limit of 8.
2023-02-17 16:59:35 INFO NumExpr defaulting to 8 threads.
2023-02-17 16:59:36 INFO loaded kvaser's CAN library
2023-02-17 16:59:36 INFO CAN Filters: None
2023-02-17 16:59:36 INFO Got configuration of: {'bitrate': 500000}
2023-02-17 16:59:36 INFO Found 3 available channels
2023-02-17 16:59:36 INFO 0: Kvaser Leaf Light v2, S/N 100291 (#1)
2023-02-17 16:59:36 INFO 1: Kvaser Virtual CAN Driver, S/N 0 (#1)
2023-02-17 16:59:36 INFO 2: Kvaser Virtual CAN Driver, S/N 0 (#2)
2023-02-17 16:59:36 INFO Hardware filtering has been disabled
2023-02-17 16:59:36 INFO ZeusModule 1: initializing...
2023-02-17 17:02:10 INFO Note: NumExpr detected 16 cores but "NUMEXPR_MAX_THREADS" not set, so enforcing safe limit of 8.
2023-02-17 17:02:10 INFO NumExpr defaulting to 8 threads.
2023-02-17 17:02:10 INFO loaded kvaser's CAN library
2023-02-17 17:02:10 INFO CAN Filters: None
2023-02-17 17:02:10 INFO Got configuration of: {'bitrate': 500000}
2023-02-17 17:02:10 INFO Found 3 available channels
2023-02-17 17:02:10 INFO 0: Kvaser Leaf Light v2, S/N 100291 (#1)
2023-02-17 17:02:10 INFO 1: Kvaser Virtual CAN Driver, S/N 0 (#1)
2023-02-17 17:02:10 INFO 2: Kvaser Virtual CAN Driver, S/N 0 (#2)
2023-02-17 17:02:10 INFO Hardware filtering has been disabled
2023-02-17 17:02:10 INFO ZeusModule 1: initializing...
2023-02-17 17:04:32 INFO Note: NumExpr detected 16 cores but "NUMEXPR_MAX_THREADS" not set, so enforcing safe limit of 8.
2023-02-17 17:04:32 INFO NumExpr defaulting to 8 threads.
2023-02-17 17:04:33 INFO loaded kvaser's CAN library
2023-02-17 17:04:33 INFO CAN Filters: None
2023-02-17 17:04:33 INFO Got configuration of: {'bitrate': 500000}
2023-02-17 17:04:33 INFO Found 3 available channels
2023-02-17 17:04:33 INFO 0: Kvaser Leaf Light v2, S/N 100291 (#1)
2023-02-17 17:04:33 INFO 1: Kvaser Virtual CAN Driver, S/N 0 (#1)
2023-02-17 17:04:33 INFO 2: Kvaser Virtual CAN Driver, S/N 0 (#2)
2023-02-17 17:04:33 INFO Hardware filtering has been disabled
2023-02-17 17:04:33 INFO ZeusModule 1: initializing...
2023-02-17 17:05:05 INFO Event_list is generated with 10 events.
2023-02-17 17:05:50 INFO Note: NumExpr detected 16 cores but "NUMEXPR_MAX_THREADS" not set, so enforcing safe limit of 8.
2023-02-17 17:05:50 INFO NumExpr defaulting to 8 threads.
2023-02-17 17:05:51 INFO loaded kvaser's CAN library
2023-02-17 17:05:51 INFO CAN Filters: None
2023-02-17 17:05:51 INFO Got configuration of: {'bitrate': 500000}
2023-02-17 17:05:51 INFO Found 3 available channels
2023-02-17 17:05:51 INFO 0: Kvaser Leaf Light v2, S/N 100291 (#1)
2023-02-17 17:05:51 INFO 1: Kvaser Virtual CAN Driver, S/N 0 (#1)
2023-02-17 17:05:51 INFO 2: Kvaser Virtual CAN Driver, S/N 0 (#2)
2023-02-17 17:05:51 INFO Hardware filtering has been disabled
2023-02-17 17:05:51 INFO ZeusModule 1: initializing...
2023-02-17 17:06:23 INFO Event_list is generated with 10 events.
2023-02-17 17:06:23 INFO Event_list is generated with 10 events.
2023-02-17 18:34:32 INFO Note: NumExpr detected 16 cores but "NUMEXPR_MAX_THREADS" not set, so enforcing safe limit of 8.
2023-02-17 18:34:32 INFO NumExpr defaulting to 8 threads.
2023-02-17 18:34:33 INFO loaded kvaser's CAN library
2023-02-17 18:34:33 INFO CAN Filters: None
2023-02-17 18:34:33 INFO Got configuration of: {'bitrate': 500000}
2023-02-17 18:34:33 INFO Found 3 available channels
2023-02-17 18:34:33 INFO 0: Kvaser Leaf Light v2, S/N 100291 (#1)
2023-02-17 18:34:33 INFO 1: Kvaser Virtual CAN Driver, S/N 0 (#1)
2023-02-17 18:34:33 INFO 2: Kvaser Virtual CAN Driver, S/N 0 (#2)
2023-02-17 18:34:33 INFO Hardware filtering has been disabled
2023-02-17 18:34:33 INFO ZeusModule 1: initializing...
2023-02-17 18:35:05 INFO Event_list is generated with 10 events.
2023-02-17 18:35:05 INFO A tip 300ul is to be taken.
2023-02-17 18:35:10 INFO Now the tip on zeus is : 50ul
2023-02-17 18:35:21 INFO Performed one event: event_id:::0  substance:::Isocyano  transfer_volume:::20
2023-02-17 18:35:31 INFO Performed one event: event_id:::1  substance:::Isocyano  transfer_volume:::20
2023-02-17 18:35:42 INFO Now the tip on zeus is : 50ul
2023-02-17 18:35:42 INFO Tip is changed and its type is 50ul
2023-02-17 18:35:53 INFO Performed one event: event_id:::2  substance:::amine  transfer_volume:::20
2023-02-17 18:36:03 INFO Performed one event: event_id:::3  substance:::amine  transfer_volume:::20
2023-02-17 18:36:15 INFO Now the tip on zeus is : 50ul
2023-02-17 18:36:15 INFO Tip is changed and its type is 50ul
2023-02-17 18:36:26 INFO Performed one event: event_id:::4  substance:::aldehyde  transfer_volume:::20
2023-02-17 18:36:36 INFO Performed one event: event_id:::5  substance:::aldehyde  transfer_volume:::20
2023-02-17 18:36:47 INFO Now the tip on zeus is : 50ul
2023-02-17 18:36:47 INFO Tip is changed and its type is 50ul
2023-02-17 18:36:58 INFO Performed one event: event_id:::6  substance:::pTSA  transfer_volume:::20
2023-02-17 18:37:08 INFO Performed one event: event_id:::7  substance:::pTSA  transfer_volume:::20
2023-02-17 18:37:19 INFO Now the tip on zeus is : 50ul
2023-02-17 18:37:19 INFO Tip is changed and its type is 50ul
2023-02-17 18:37:30 INFO Performed one event: event_id:::8  substance:::DMF  transfer_volume:::20
2023-02-17 18:37:41 INFO Performed one event: event_id:::9  substance:::DMF  transfer_volume:::20
2023-02-17 18:41:13 INFO Note: NumExpr detected 16 cores but "NUMEXPR_MAX_THREADS" not set, so enforcing safe limit of 8.
2023-02-17 18:41:13 INFO NumExpr defaulting to 8 threads.
2023-02-17 18:41:14 INFO loaded kvaser's CAN library
2023-02-17 18:41:14 INFO CAN Filters: None
2023-02-17 18:41:14 INFO Got configuration of: {'bitrate': 500000}
2023-02-17 18:41:14 INFO Found 3 available channels
2023-02-17 18:41:14 INFO 0: Kvaser Leaf Light v2, S/N 100291 (#1)
2023-02-17 18:41:14 INFO 1: Kvaser Virtual CAN Driver, S/N 0 (#1)
2023-02-17 18:41:14 INFO 2: Kvaser Virtual CAN Driver, S/N 0 (#2)
2023-02-17 18:41:14 INFO Hardware filtering has been disabled
2023-02-17 18:41:14 INFO ZeusModule 1: initializing...
2023-02-17 18:42:03 INFO Event_list is generated with 10 events.
2023-02-17 18:42:03 INFO A tip 300ul is to be taken.
2023-02-17 18:42:08 INFO Now the tip on zeus is : 50ul
2023-02-17 18:42:19 INFO Performed one event: event_id:::0  substance:::Isocyano  transfer_volume:::20
2023-02-17 18:42:29 INFO Performed one event: event_id:::1  substance:::Isocyano  transfer_volume:::20
2023-02-17 18:42:41 INFO Now the tip on zeus is : 50ul
2023-02-17 18:42:52 INFO Performed one event: event_id:::2  substance:::amine  transfer_volume:::20
2023-02-17 18:43:02 INFO Performed one event: event_id:::3  substance:::amine  transfer_volume:::20
2023-02-17 18:43:13 INFO Now the tip on zeus is : 50ul
2023-02-17 18:43:24 INFO Performed one event: event_id:::4  substance:::aldehyde  transfer_volume:::20
2023-02-17 18:43:34 INFO Performed one event: event_id:::5  substance:::aldehyde  transfer_volume:::20
2023-02-17 18:43:46 INFO Now the tip on zeus is : 50ul
2023-02-17 18:43:57 INFO Performed one event: event_id:::6  substance:::pTSA  transfer_volume:::20
2023-02-17 18:44:07 INFO Performed one event: event_id:::7  substance:::pTSA  transfer_volume:::20
2023-02-17 18:44:41 INFO Note: NumExpr detected 16 cores but "NUMEXPR_MAX_THREADS" not set, so enforcing safe limit of 8.
2023-02-17 18:44:41 INFO NumExpr defaulting to 8 threads.
2023-02-17 18:44:42 INFO loaded kvaser's CAN library
2023-02-17 18:44:42 INFO CAN Filters: None
2023-02-17 18:44:42 INFO Got configuration of: {'bitrate': 500000}
2023-02-17 18:44:42 INFO Found 3 available channels
2023-02-17 18:44:42 INFO 0: Kvaser Leaf Light v2, S/N 100291 (#1)
2023-02-17 18:44:42 INFO 1: Kvaser Virtual CAN Driver, S/N 0 (#1)
2023-02-17 18:44:42 INFO 2: Kvaser Virtual CAN Driver, S/N 0 (#2)
2023-02-17 18:44:42 INFO Hardware filtering has been disabled
2023-02-17 18:44:42 INFO ZeusModule 1: initializing...
2023-02-17 18:45:19 INFO Event_list is generated with 10 events.
2023-02-17 18:45:19 INFO A tip 300ul is to be taken.
2023-02-17 18:46:53 INFO A tip 300ul is to be taken.
2023-02-17 18:46:58 INFO Now the tip on zeus is : 50ul
2023-02-17 18:47:52 INFO A tip 300ul is to be taken.
2023-02-17 18:48:57 INFO Performed one event: event_id:::0  substance:::Isocyano  transfer_volume:::20
2023-02-17 18:49:08 INFO Performed one event: event_id:::1  substance:::Isocyano  transfer_volume:::20
2023-02-17 18:49:20 INFO Now the tip on zeus is : 50ul
2023-02-17 18:49:30 INFO Performed one event: event_id:::2  substance:::amine  transfer_volume:::20
2023-02-17 18:49:41 INFO Performed one event: event_id:::3  substance:::amine  transfer_volume:::20
2023-02-17 18:49:52 INFO Now the tip on zeus is : 50ul
2023-02-17 18:50:03 INFO Performed one event: event_id:::4  substance:::aldehyde  transfer_volume:::20
2023-02-17 18:50:14 INFO Performed one event: event_id:::5  substance:::aldehyde  transfer_volume:::20
2023-02-17 18:50:25 INFO Now the tip on zeus is : 50ul
2023-02-17 18:50:36 INFO Performed one event: event_id:::6  substance:::pTSA  transfer_volume:::20
2023-02-17 18:50:46 INFO Performed one event: event_id:::7  substance:::pTSA  transfer_volume:::20
2023-02-17 18:50:58 INFO Now the tip on zeus is : 50ul
2023-02-17 18:51:08 INFO Performed one event: event_id:::8  substance:::DMF  transfer_volume:::20
2023-02-17 18:51:19 INFO Performed one event: event_id:::9  substance:::DMF  transfer_volume:::20
2023-02-18 16:51:33 INFO Note: NumExpr detected 16 cores but "NUMEXPR_MAX_THREADS" not set, so enforcing safe limit of 8.
2023-02-18 16:51:33 INFO NumExpr defaulting to 8 threads.
2023-02-18 16:51:35 INFO loaded kvaser's CAN library
2023-02-18 16:51:35 INFO CAN Filters: None
2023-02-18 16:51:35 INFO Got configuration of: {'bitrate': 500000}
2023-02-18 16:51:35 INFO Found 3 available channels
2023-02-18 16:51:35 INFO 0: Kvaser Leaf Light v2, S/N 100291 (#1)
2023-02-18 16:51:35 INFO 1: Kvaser Virtual CAN Driver, S/N 0 (#1)
2023-02-18 16:51:35 INFO 2: Kvaser Virtual CAN Driver, S/N 0 (#2)
2023-02-18 16:51:35 INFO Hardware filtering has been disabled
2023-02-18 16:51:35 INFO ZeusModule 1: initializing...
2023-02-18 16:52:24 INFO Event_list is generated with 10 events.
2023-02-18 16:52:30 INFO Now the tip on zeus is : 50ul
2023-02-18 16:52:40 INFO Performed one event: event_id:::0  substance:::Isocyano  transfer_volume:::20
2023-02-18 16:52:51 INFO Performed one event: event_id:::1  substance:::Isocyano  transfer_volume:::20
2023-02-18 16:53:03 INFO Now the tip on zeus is : 50ul
2023-02-18 16:53:14 INFO Performed one event: event_id:::2  substance:::amine  transfer_volume:::20
2023-02-18 16:53:25 INFO Performed one event: event_id:::3  substance:::amine  transfer_volume:::20
2023-02-18 16:53:36 INFO Now the tip on zeus is : 50ul
2023-02-18 16:53:47 INFO Performed one event: event_id:::4  substance:::aldehyde  transfer_volume:::20
2023-02-18 16:53:58 INFO Performed one event: event_id:::5  substance:::aldehyde  transfer_volume:::20
2023-02-18 16:54:09 INFO Now the tip on zeus is : 50ul
2023-02-18 16:54:20 INFO Performed one event: event_id:::6  substance:::pTSA  transfer_volume:::20
2023-02-18 16:54:31 INFO Performed one event: event_id:::7  substance:::pTSA  transfer_volume:::20
2023-02-18 16:54:42 INFO Now the tip on zeus is : 50ul
2023-02-18 16:54:53 INFO Performed one event: event_id:::8  substance:::DMF  transfer_volume:::20
2023-02-18 16:55:04 INFO Performed one event: event_id:::9  substance:::DMF  transfer_volume:::20
